<?xml version="1.0" encoding="UTF-8"?>
<!-- Generated by org.testng.reporters.JUnitXMLReporter -->
<testsuite hostname="DESKTOP-9UQGMJ6" ignored="0" name="Test" tests="2" failures="1" timestamp="24 May 2018 18:45:42 GMT" time="20.924" errors="0">
  <testcase name="LoginToApp" time="8.041" classname="SeleniumPractise.Way2Automation.Way2AutomationLogin"/>
  <testcase name="WidgetMenuTest" time="10.606" classname="SeleniumPractise.Way2Automation.Way2AutomationLogin">
    <failure type="java.lang.RuntimeException" message="java.lang.InstantiationException: SeleniumPractise.Way2Automation.Widget_MenuPage">
      <![CDATA[java.lang.RuntimeException: java.lang.InstantiationException: SeleniumPractise.Way2Automation.Widget_MenuPage
	at org.openqa.selenium.support.PageFactory.instantiatePage(PageFactory.java:134)
	at org.openqa.selenium.support.PageFactory.initElements(PageFactory.java:64)
	at SeleniumPractise.Way2Automation.Widget_MenuPage.<init>(Widget_MenuPage.java:30)
	at SeleniumPractise.Way2Automation.Way2AutomationLogin.WidgetMenuTest(Way2AutomationLogin.java:78)
Caused by: java.lang.InstantiationException: SeleniumPractise.Way2Automation.Widget_MenuPage
	at java.lang.Class.newInstance(Class.java:427)
	at org.openqa.selenium.support.PageFactory.instantiatePage(PageFactory.java:131)
	... 28 more
Caused by: java.lang.NoSuchMethodException: SeleniumPractise.Way2Automation.Widget_MenuPage.<init>()
	at java.lang.Class.getConstructor0(Class.java:3082)
	at java.lang.Class.newInstance(Class.java:412)
	... 29 more
... Removed 25 stack frames]]>
    </failure>
  </testcase> <!-- WidgetMenuTest -->
</testsuite> <!-- Test -->
