<?xml version="1.0" encoding="UTF-8"?>
<testng-results skipped="0" failed="1" ignored="0" total="2" passed="1">
  <reporter-output>
  </reporter-output>
  <suite name="Suite" duration-ms="20924" started-at="2018-05-24T18:45:20Z" finished-at="2018-05-24T18:45:41Z">
    <groups>
    </groups>
    <test name="Test" duration-ms="20924" started-at="2018-05-24T18:45:20Z" finished-at="2018-05-24T18:45:41Z">
      <class name="SeleniumPractise.Way2Automation.Way2AutomationLogin">
        <test-method status="PASS" signature="LaunchBrowser()[pri:0, instance:SeleniumPractise.Way2Automation.Way2AutomationLogin@5e0826e7]" name="LaunchBrowser" is-config="true" duration-ms="9065" started-at="2018-05-25T00:15:11Z" finished-at="2018-05-25T00:15:20Z">
          <reporter-output>
          </reporter-output>
        </test-method> <!-- LaunchBrowser -->
        <test-method status="PASS" signature="LoginToApp(java.lang.String, java.lang.String)[pri:1, instance:SeleniumPractise.Way2Automation.Way2AutomationLogin@5e0826e7]" name="LoginToApp" duration-ms="8041" started-at="2018-05-25T00:15:20Z" finished-at="2018-05-25T00:15:28Z">
          <params>
            <param index="0">
              <value>
                <![CDATA[jamessmith]]>
              </value>
            </param>
            <param index="1">
              <value>
                <![CDATA[qwerty12345]]>
              </value>
            </param>
          </params>
          <reporter-output>
          </reporter-output>
        </test-method> <!-- LoginToApp -->
        <test-method status="FAIL" signature="WidgetMenuTest()[pri:2, instance:SeleniumPractise.Way2Automation.Way2AutomationLogin@5e0826e7]" name="WidgetMenuTest" duration-ms="10606" started-at="2018-05-25T00:15:28Z" finished-at="2018-05-25T00:15:39Z">
          <exception class="java.lang.RuntimeException">
            <message>
              <![CDATA[java.lang.InstantiationException: SeleniumPractise.Way2Automation.Widget_MenuPage]]>
            </message>
            <full-stacktrace>
              <![CDATA[java.lang.RuntimeException: java.lang.InstantiationException: SeleniumPractise.Way2Automation.Widget_MenuPage
	at org.openqa.selenium.support.PageFactory.instantiatePage(PageFactory.java:134)
	at org.openqa.selenium.support.PageFactory.initElements(PageFactory.java:64)
	at SeleniumPractise.Way2Automation.Widget_MenuPage.<init>(Widget_MenuPage.java:30)
	at SeleniumPractise.Way2Automation.Way2AutomationLogin.WidgetMenuTest(Way2AutomationLogin.java:78)
	at sun.reflect.NativeMethodAccessorImpl.invoke0(Native Method)
	at sun.reflect.NativeMethodAccessorImpl.invoke(NativeMethodAccessorImpl.java:62)
	at sun.reflect.DelegatingMethodAccessorImpl.invoke(DelegatingMethodAccessorImpl.java:43)
	at java.lang.reflect.Method.invoke(Method.java:498)
	at org.testng.internal.MethodInvocationHelper.invokeMethod(MethodInvocationHelper.java:108)
	at org.testng.internal.Invoker.invokeMethod(Invoker.java:669)
	at org.testng.internal.Invoker.invokeTestMethod(Invoker.java:877)
	at org.testng.internal.Invoker.invokeTestMethods(Invoker.java:1201)
	at org.testng.internal.TestMethodWorker.invokeTestMethods(TestMethodWorker.java:125)
	at org.testng.internal.TestMethodWorker.run(TestMethodWorker.java:109)
	at org.testng.TestRunner.privateRun(TestRunner.java:776)
	at org.testng.TestRunner.run(TestRunner.java:634)
	at org.testng.SuiteRunner.runTest(SuiteRunner.java:425)
	at org.testng.SuiteRunner.runSequentially(SuiteRunner.java:420)
	at org.testng.SuiteRunner.privateRun(SuiteRunner.java:385)
	at org.testng.SuiteRunner.run(SuiteRunner.java:334)
	at org.testng.SuiteRunnerWorker.runSuite(SuiteRunnerWorker.java:52)
	at org.testng.SuiteRunnerWorker.run(SuiteRunnerWorker.java:86)
	at org.testng.TestNG.runSuitesSequentially(TestNG.java:1318)
	at org.testng.TestNG.runSuitesLocally(TestNG.java:1243)
	at org.testng.TestNG.runSuites(TestNG.java:1161)
	at org.testng.TestNG.run(TestNG.java:1129)
	at org.testng.remote.AbstractRemoteTestNG.run(AbstractRemoteTestNG.java:114)
	at org.testng.remote.RemoteTestNG.initAndRun(RemoteTestNG.java:251)
	at org.testng.remote.RemoteTestNG.main(RemoteTestNG.java:77)
Caused by: java.lang.InstantiationException: SeleniumPractise.Way2Automation.Widget_MenuPage
	at java.lang.Class.newInstance(Class.java:427)
	at org.openqa.selenium.support.PageFactory.instantiatePage(PageFactory.java:131)
	... 28 more
Caused by: java.lang.NoSuchMethodException: SeleniumPractise.Way2Automation.Widget_MenuPage.<init>()
	at java.lang.Class.getConstructor0(Class.java:3082)
	at java.lang.Class.newInstance(Class.java:412)
	... 29 more
]]>
            </full-stacktrace>
          </exception> <!-- java.lang.RuntimeException -->
          <reporter-output>
          </reporter-output>
        </test-method> <!-- WidgetMenuTest -->
        <test-method status="PASS" signature="Closebrowser()[pri:0, instance:SeleniumPractise.Way2Automation.Way2AutomationLogin@5e0826e7]" name="Closebrowser" is-config="true" duration-ms="176" started-at="2018-05-25T00:15:42Z" finished-at="2018-05-25T00:15:43Z">
          <reporter-output>
          </reporter-output>
        </test-method> <!-- Closebrowser -->
      </class> <!-- SeleniumPractise.Way2Automation.Way2AutomationLogin -->
    </test> <!-- Test -->
  </suite> <!-- Suite -->
</testng-results>
